<?xml version="1.0" encoding="UTF-8"?>
<!-- Generated by org.testng.reporters.JUnitXMLReporter -->
<testsuite ignored="0" hostname="Keshri" failures="0" tests="1" name="Test-1" time="88.19" errors="0" timestamp="2024-01-19T18:43:13 IST">
  <testcase classname="satteliteInfo.ContactTests.TC_03Test" name="TC_03Test" time="44.704"/>
</testsuite> <!-- Test-1 -->
