<?xml version="1.0" encoding="UTF-8"?>
<!-- Generated by org.testng.reporters.JUnitXMLReporter -->
<testsuite ignored="0" hostname="Keshri" failures="0" tests="2" name="Test-1" time="88.874" errors="0" timestamp="2024-01-31T08:54:38 IST">
  <testcase classname="satteliteInfo.OrganizationTests.TC_04Test" name="TC_04Test" time="43.553"/>
  <testcase classname="satteliteInfo.OrganizationTests.TC_04Test" name="demo" time="0.0"/>
</testsuite> <!-- Test-1 -->
