<?xml version="1.0" encoding="UTF-8"?>
<!-- Generated by org.testng.reporters.JUnitXMLReporter -->
<testsuite ignored="0" hostname="Keshri" failures="0" tests="1" name="Test-2" time="88.519" errors="0" timestamp="2024-01-19T18:43:14 IST">
  <testcase classname="satteliteInfo.OrganizationTests.TC_06Test" name="TC_06Test" time="44.454"/>
</testsuite> <!-- Test-2 -->
