<?xml version="1.0" encoding="UTF-8"?>
<!-- Generated by org.testng.reporters.JUnitXMLReporter -->
<testsuite ignored="0" hostname="Keshri" failures="0" tests="2" name="Test-2" time="88.869" errors="0" timestamp="2024-01-31T08:54:38 IST">
  <testcase classname="satteliteInfo.ContactTests.TC_01Test" name="TC_01" time="44.118"/>
  <testcase classname="satteliteInfo.ContactTests.TC_01Test" name="demoTest" time="0.0"/>
</testsuite> <!-- Test-2 -->
