<?xml version="1.0" encoding="UTF-8"?>
<!-- Generated by org.testng.reporters.JUnitXMLReporter -->
<testsuite ignored="0" hostname="Keshri" failures="0" tests="2" name="Test-runner-1" time="47.739" errors="0" timestamp="2024-01-19T20:49:57 IST">
  <testcase classname="satteliteInfo.ContactTests.TC_01Test" name="TC_01" time="20.864"/>
  <testcase classname="satteliteInfo.ContactTests.TC_01Test" name="demoTest" time="0.001"/>
</testsuite> <!-- Test-runner-1 -->
