<?xml version="1.0" encoding="UTF-8"?>
<!-- Generated by org.testng.reporters.JUnitReportReporter -->
<testsuite hostname="Keshri" failures="0" tests="2" name="satteliteInfo.OrganizationTests.TC_04Test" time="65.205" errors="0" timestamp="2024-01-31T08:54:38 IST" skipped="0">
  <testcase classname="satteliteInfo.OrganizationTests.TC_04Test" name="demo" time="13.181"/>
  <system-out/>
  <testcase classname="satteliteInfo.OrganizationTests.TC_04Test" name="TC_04Test" time="52.024"/>
  <system-out/>
</testsuite> <!-- satteliteInfo.OrganizationTests.TC_04Test -->
