<?xml version="1.0" encoding="UTF-8"?>
<!-- Generated by org.testng.reporters.JUnitReportReporter -->
<testsuite hostname="Keshri" failures="0" tests="1" name="satteliteInfo.RetryP" time="0.014" errors="0" timestamp="2024-01-30T14:49:58 IST" skipped="0">
  <testcase classname="satteliteInfo.RetryP" name="RetryTestP" time="0.014"/>
  <system-out/>
</testsuite> <!-- satteliteInfo.RetryP -->
