<?xml version="1.0" encoding="UTF-8"?>
<!-- Generated by org.testng.reporters.JUnitReportReporter -->
<testsuite hostname="Keshri" failures="0" tests="2" name="practice.DataProvider" time="0.000" errors="0" timestamp="2024-01-19T20:48:25 IST" skipped="2">
  <testcase classname="practice.DataProvider" name="addToCart" time="0.000">
    <skipped/>
  </testcase> <!-- addToCart -->
  <system-out/>
  <testcase classname="practice.DataProvider" name="addToCart" time="0.000">
    <skipped/>
  </testcase> <!-- addToCart -->
  <system-out/>
</testsuite> <!-- practice.DataProvider -->
