<?xml version="1.0" encoding="UTF-8"?>
<!-- Generated by org.testng.reporters.JUnitReportReporter -->
<testsuite hostname="Keshri" failures="0" tests="3" name="practice.AssertionP$AssertionPractice" time="0.017" errors="0" timestamp="2024-01-19T20:48:25 IST" skipped="0">
  <testcase classname="practice.AssertionP$AssertionPractice" name="sample1" time="0.010"/>
  <system-out/>
  <testcase classname="practice.AssertionP$AssertionPractice" name="sample3" time="0.003"/>
  <system-out/>
  <testcase classname="practice.AssertionP$AssertionPractice" name="sample2" time="0.004"/>
  <system-out/>
</testsuite> <!-- practice.AssertionP$AssertionPractice -->
