<?xml version="1.0" encoding="UTF-8"?>
<!-- Generated by org.testng.reporters.JUnitReportReporter -->
<testsuite hostname="Keshri" failures="0" tests="1" name="satteliteInfo.ContactTests.TC_02Test" time="26.287" errors="0" timestamp="2024-01-19T21:19:00 IST" skipped="0">
  <testcase classname="satteliteInfo.ContactTests.TC_02Test" name="TC_02Test" time="26.287"/>
  <system-out/>
</testsuite> <!-- satteliteInfo.ContactTests.TC_02Test -->
