<?xml version="1.0" encoding="UTF-8"?>
<!-- Generated by org.testng.reporters.JUnitReportReporter -->
<testsuite hostname="Keshri" failures="0" tests="1" name="practice.AssertionPracticeb" time="0.000" errors="0" timestamp="2024-01-19T20:48:25 IST" skipped="1">
  <testcase classname="practice.AssertionPracticeb" name="assertionPractice" time="0.000">
    <skipped/>
  </testcase> <!-- assertionPractice -->
  <system-out/>
</testsuite> <!-- practice.AssertionPracticeb -->
