<?xml version="1.0" encoding="UTF-8"?>
<!-- Generated by org.testng.reporters.JUnitReportReporter -->
<testsuite hostname="Keshri" failures="0" tests="1" name="satteliteInfo.OrganizationTests.TC_06Test" time="0.000" errors="0" timestamp="2024-01-19T20:48:25 IST" skipped="1">
  <testcase classname="satteliteInfo.OrganizationTests.TC_06Test" name="TC_06Test" time="0.000">
    <skipped/>
  </testcase> <!-- TC_06Test -->
  <system-out/>
</testsuite> <!-- satteliteInfo.OrganizationTests.TC_06Test -->
