<?xml version="1.0" encoding="UTF-8"?>
<!-- Generated by org.testng.reporters.JUnitReportReporter -->
<testsuite hostname="Keshri" failures="0" tests="1" name="satteliteInfo.ContactTests.TC_03Test" time="17.199" errors="0" timestamp="2024-01-19T21:19:00 IST" skipped="0">
  <testcase classname="satteliteInfo.ContactTests.TC_03Test" name="TC_03Test" time="17.199"/>
  <system-out/>
</testsuite> <!-- satteliteInfo.ContactTests.TC_03Test -->
