<?xml version="1.0" encoding="UTF-8"?>
<!-- Generated by org.testng.reporters.JUnitReportReporter -->
<testsuite hostname="Keshri" failures="0" tests="1" name="satteliteInfo.ContactTests.TC_01Test" time="39.983" errors="0" timestamp="2024-01-31T12:48:11 IST" skipped="0">
  <testcase classname="satteliteInfo.ContactTests.TC_01Test" name="TC_01" time="39.983"/>
  <system-out>
    <![CDATA[Naviated to contacts link
Naviated to create new link
Naviated to last name]]>
  </system-out>
</testsuite> <!-- satteliteInfo.ContactTests.TC_01Test -->
