<?xml version="1.0" encoding="UTF-8"?>
<!-- Generated by org.testng.reporters.JUnitReportReporter -->
<testsuite hostname="Keshri" failures="0" tests="4" name="practice.TestNGPracticeTest2" time="0.000" errors="0" timestamp="2024-01-19T20:48:25 IST" skipped="4">
  <testcase classname="practice.TestNGPracticeTest2" name="createUser" time="0.000">
    <skipped/>
  </testcase> <!-- createUser -->
  <system-out/>
  <testcase classname="practice.TestNGPracticeTest2" name="modifyUser" time="0.000">
    <skipped/>
  </testcase> <!-- modifyUser -->
  <system-out/>
  <testcase classname="practice.TestNGPracticeTest2" name="deleteUser" time="0.000">
    <skipped/>
  </testcase> <!-- deleteUser -->
  <system-out/>
  <testcase classname="practice.TestNGPracticeTest2" name="createUser" time="0.000">
    <skipped/>
  </testcase> <!-- createUser -->
  <system-out/>
</testsuite> <!-- practice.TestNGPracticeTest2 -->
