<?xml version="1.0" encoding="UTF-8"?>
<!-- Generated by org.testng.reporters.JUnitReportReporter -->
<testsuite hostname="Keshri" failures="0" tests="1" name="satteliteInfo.ContactTests.TC_02Test" time="39.168" errors="0" timestamp="2024-02-01T19:11:11 IST" skipped="0">
  <testcase classname="satteliteInfo.ContactTests.TC_02Test" name="TC_02Test" time="39.168"/>
  <system-out/>
</testsuite> <!-- satteliteInfo.ContactTests.TC_02Test -->
