<?xml version="1.0" encoding="UTF-8"?>
<!-- Generated by org.testng.reporters.JUnitReportReporter -->
<testsuite hostname="Keshri" failures="0" tests="2" name="satteliteInfo.OrganizationTests.TC_04Test" time="0.000" errors="0" timestamp="2024-01-19T20:48:25 IST" skipped="2">
  <testcase classname="satteliteInfo.OrganizationTests.TC_04Test" name="TC_04" time="0.000">
    <skipped/>
  </testcase> <!-- TC_04 -->
  <system-out/>
  <testcase classname="satteliteInfo.OrganizationTests.TC_04Test" name="demo" time="0.000">
    <skipped/>
  </testcase> <!-- demo -->
  <system-out/>
</testsuite> <!-- satteliteInfo.OrganizationTests.TC_04Test -->
